{"C:\\Users\\machintosh\\.gemini\\antigravity\\playground\\Creditra-Backend\\src\\models\\creditLine.ts": {"path":"C:\\Users\\machintosh\\.gemini\\antigravity\\playground\\Creditra-Backend\\src\\models\\creditLine.ts","statementMap":{"0":{"start":{"line":1,"column":7},"end":{"line":1,"column":null}},"1":{"start":{"line":2,"column":4},"end":{"line":2,"column":null}},"2":{"start":{"line":3,"column":4},"end":{"line":3,"column":null}},"3":{"start":{"line":4,"column":4},"end":{"line":4,"column":null}},"4":{"start":{"line":1,"column":12},"end":{"line":1,"column":null}}},"fnMap":{"0":{"name":"(anonymous_0)","decl":{"start":{"line":1,"column":7},"end":{"line":1,"column":12}},"loc":{"start":{"line":1,"column":7},"end":{"line":1,"column":null}},"line":1}},"branchMap":{"0":{"loc":{"start":{"line":1,"column":12},"end":{"line":1,"column":null}},"type":"binary-expr","locations":[{"start":{"line":1,"column":12},"end":{"line":1,"column":null}},{"start":{"line":1,"column":12},"end":{"line":1,"column":null}}],"line":1}},"s":{"0":1,"1":1,"2":1,"3":1,"4":1},"f":{"0":1},"b":{"0":[1,1]},"meta":{"lastBranch":1,"lastFunction":1,"lastStatement":5,"seen":{"s:1:7:1:Infinity":0,"f:1:7:1:12":0,"s:2:4:2:Infinity":1,"s:3:4:3:Infinity":2,"s:4:4:4:Infinity":3,"s:1:12:1:Infinity":4,"b:1:12:1:Infinity:1:12:1:Infinity":0}}}
,"C:\\Users\\machintosh\\.gemini\\antigravity\\playground\\Creditra-Backend\\src\\repositories\\creditLineRepository.ts": {"path":"C:\\Users\\machintosh\\.gemini\\antigravity\\playground\\Creditra-Backend\\src\\repositories\\creditLineRepository.ts","statementMap":{"0":{"start":{"line":9,"column":40},"end":{"line":32,"column":null}},"1":{"start":{"line":35,"column":8},"end":{"line":35,"column":null}},"2":{"start":{"line":39,"column":21},"end":{"line":39,"column":null}},"3":{"start":{"line":39,"column":48},"end":{"line":39,"column":59}},"4":{"start":{"line":40,"column":8},"end":{"line":40,"column":null}}},"fnMap":{"0":{"name":"(anonymous_0)","decl":{"start":{"line":34,"column":10},"end":{"line":34,"column":43}},"loc":{"start":{"line":34,"column":43},"end":{"line":36,"column":null}},"line":34},"1":{"name":"(anonymous_1)","decl":{"start":{"line":38,"column":10},"end":{"line":38,"column":19}},"loc":{"start":{"line":38,"column":59},"end":{"line":41,"column":null}},"line":38},"2":{"name":"(anonymous_2)","decl":{"start":{"line":39,"column":43},"end":{"line":39,"column":48}},"loc":{"start":{"line":39,"column":48},"end":{"line":39,"column":59}},"line":39}},"branchMap":{"0":{"loc":{"start":{"line":40,"column":31},"end":{"line":40,"column":43}},"type":"binary-expr","locations":[{"start":{"line":40,"column":31},"end":{"line":40,"column":39}},{"start":{"line":40,"column":39},"end":{"line":40,"column":43}}],"line":40}},"s":{"0":4,"1":2,"2":4,"3":7,"4":4},"f":{"0":2,"1":4,"2":7},"b":{"0":[4,2]},"meta":{"lastBranch":1,"lastFunction":3,"lastStatement":5,"seen":{"s:9:40:32:Infinity":0,"f:34:10:34:43":0,"s:35:8:35:Infinity":1,"f:38:10:38:19":1,"s:39:21:39:Infinity":2,"f:39:43:39:48":2,"s:39:48:39:59":3,"s:40:8:40:Infinity":4,"b:40:31:40:39:40:39:40:43":0}}}
,"C:\\Users\\machintosh\\.gemini\\antigravity\\playground\\Creditra-Backend\\src\\routes\\credit.ts": {"path":"C:\\Users\\machintosh\\.gemini\\antigravity\\playground\\Creditra-Backend\\src\\routes\\credit.ts","statementMap":{"0":{"start":{"line":4,"column":13},"end":{"line":4,"column":null}},"1":{"start":{"line":5,"column":42},"end":{"line":5,"column":null}},"2":{"start":{"line":56,"column":0},"end":{"line":64,"column":null}},"3":{"start":{"line":57,"column":2},"end":{"line":63,"column":null}},"4":{"start":{"line":58,"column":18},"end":{"line":58,"column":null}},"5":{"start":{"line":59,"column":4},"end":{"line":59,"column":null}},"6":{"start":{"line":61,"column":4},"end":{"line":61,"column":null}},"7":{"start":{"line":62,"column":4},"end":{"line":62,"column":null}},"8":{"start":{"line":85,"column":0},"end":{"line":97,"column":null}},"9":{"start":{"line":86,"column":2},"end":{"line":96,"column":null}},"10":{"start":{"line":87,"column":17},"end":{"line":87,"column":null}},"11":{"start":{"line":88,"column":4},"end":{"line":91,"column":null}},"12":{"start":{"line":89,"column":6},"end":{"line":89,"column":null}},"13":{"start":{"line":90,"column":6},"end":{"line":90,"column":null}},"14":{"start":{"line":92,"column":4},"end":{"line":92,"column":null}},"15":{"start":{"line":94,"column":4},"end":{"line":94,"column":null}},"16":{"start":{"line":95,"column":4},"end":{"line":95,"column":null}}},"fnMap":{"0":{"name":"(anonymous_0)","decl":{"start":{"line":56,"column":27},"end":{"line":56,"column":34}},"loc":{"start":{"line":56,"column":82},"end":{"line":64,"column":1}},"line":56},"1":{"name":"(anonymous_1)","decl":{"start":{"line":85,"column":31},"end":{"line":85,"column":38}},"loc":{"start":{"line":85,"column":85},"end":{"line":97,"column":1}},"line":85}},"branchMap":{"0":{"loc":{"start":{"line":88,"column":4},"end":{"line":91,"column":null}},"type":"if","locations":[{"start":{"line":88,"column":4},"end":{"line":91,"column":null}},{"start":{},"end":{}}],"line":88}},"s":{"0":1,"1":1,"2":1,"3":2,"4":2,"5":1,"6":1,"7":1,"8":1,"9":3,"10":3,"11":2,"12":1,"13":1,"14":1,"15":1,"16":1},"f":{"0":2,"1":3},"b":{"0":[1,1]},"meta":{"lastBranch":1,"lastFunction":2,"lastStatement":17,"seen":{"s:4:13:4:Infinity":0,"s:5:42:5:Infinity":1,"s:56:0:64:Infinity":2,"f:56:27:56:34":0,"s:57:2:63:Infinity":3,"s:58:18:58:Infinity":4,"s:59:4:59:Infinity":5,"s:61:4:61:Infinity":6,"s:62:4:62:Infinity":7,"s:85:0:97:Infinity":8,"f:85:31:85:38":1,"s:86:2:96:Infinity":9,"s:87:17:87:Infinity":10,"b:88:4:91:Infinity:undefined:undefined:undefined:undefined":0,"s:88:4:91:Infinity":11,"s:89:6:89:Infinity":12,"s:90:6:90:Infinity":13,"s:92:4:92:Infinity":14,"s:94:4:94:Infinity":15,"s:95:4:95:Infinity":16}}}
}
