{"/home/sayae/Desktop/SHITTY_CODES/DRIPS/Creditra-Backend/src/index.ts": {"path":"/home/sayae/Desktop/SHITTY_CODES/DRIPS/Creditra-Backend/src/index.ts","statementMap":{"0":{"start":{"line":6,"column":13},"end":{"line":6,"column":null}},"1":{"start":{"line":7,"column":13},"end":{"line":7,"column":null}},"2":{"start":{"line":9,"column":0},"end":{"line":9,"column":null}},"3":{"start":{"line":10,"column":0},"end":{"line":10,"column":null}},"4":{"start":{"line":12,"column":0},"end":{"line":14,"column":null}},"5":{"start":{"line":13,"column":2},"end":{"line":13,"column":null}},"6":{"start":{"line":16,"column":0},"end":{"line":16,"column":null}},"7":{"start":{"line":17,"column":0},"end":{"line":17,"column":null}},"8":{"start":{"line":20,"column":0},"end":{"line":24,"column":null}},"9":{"start":{"line":21,"column":2},"end":{"line":23,"column":null}},"10":{"start":{"line":22,"column":4},"end":{"line":22,"column":null}}},"fnMap":{"0":{"name":"(anonymous_0)","decl":{"start":{"line":12,"column":19},"end":{"line":12,"column":20}},"loc":{"start":{"line":12,"column":34},"end":{"line":14,"column":1}},"line":12},"1":{"name":"(anonymous_1)","decl":{"start":{"line":21,"column":19},"end":{"line":21,"column":25}},"loc":{"start":{"line":21,"column":25},"end":{"line":23,"column":3}},"line":21}},"branchMap":{"0":{"loc":{"start":{"line":7,"column":13},"end":{"line":7,"column":null}},"type":"binary-expr","locations":[{"start":{"line":7,"column":13},"end":{"line":7,"column":33}},{"start":{"line":7,"column":33},"end":{"line":7,"column":null}}],"line":7},"1":{"loc":{"start":{"line":20,"column":0},"end":{"line":24,"column":null}},"type":"if","locations":[{"start":{"line":20,"column":0},"end":{"line":24,"column":null}},{"start":{},"end":{}}],"line":20}},"s":{"0":2,"1":2,"2":2,"3":2,"4":2,"5":0,"6":2,"7":2,"8":2,"9":0,"10":0},"f":{"0":0,"1":0},"b":{"0":[2,2],"1":[0,2]},"meta":{"lastBranch":2,"lastFunction":2,"lastStatement":11,"seen":{"s:6:13:6:Infinity":0,"s:7:13:7:Infinity":1,"b:7:13:7:33:7:33:7:Infinity":0,"s:9:0:9:Infinity":2,"s:10:0:10:Infinity":3,"s:12:0:14:Infinity":4,"f:12:19:12:20":0,"s:13:2:13:Infinity":5,"s:16:0:16:Infinity":6,"s:17:0:17:Infinity":7,"b:20:0:24:Infinity:undefined:undefined:undefined:undefined":1,"s:20:0:24:Infinity":8,"s:21:2:23:Infinity":9,"f:21:19:21:25":1,"s:22:4:22:Infinity":10}}}
,"/home/sayae/Desktop/SHITTY_CODES/DRIPS/Creditra-Backend/src/lib/logger.ts": {"path":"/home/sayae/Desktop/SHITTY_CODES/DRIPS/Creditra-Backend/src/lib/logger.ts","statementMap":{"0":{"start":{"line":17,"column":50},"end":{"line":27,"column":null}},"1":{"start":{"line":44,"column":4},"end":{"line":44,"column":null}},"2":{"start":{"line":44,"column":43},"end":{"line":44,"column":null}},"3":{"start":{"line":46,"column":4},"end":{"line":48,"column":null}},"4":{"start":{"line":47,"column":8},"end":{"line":47,"column":null}},"5":{"start":{"line":47,"column":33},"end":{"line":47,"column":59}},"6":{"start":{"line":50,"column":4},"end":{"line":60,"column":null}},"7":{"start":{"line":51,"column":48},"end":{"line":51,"column":null}},"8":{"start":{"line":52,"column":8},"end":{"line":58,"column":null}},"9":{"start":{"line":53,"column":12},"end":{"line":57,"column":null}},"10":{"start":{"line":53,"column":35},"end":{"line":53,"column":72}},"11":{"start":{"line":54,"column":16},"end":{"line":54,"column":null}},"12":{"start":{"line":56,"column":16},"end":{"line":56,"column":null}},"13":{"start":{"line":59,"column":8},"end":{"line":59,"column":null}},"14":{"start":{"line":62,"column":4},"end":{"line":62,"column":null}},"15":{"start":{"line":97,"column":32},"end":{"line":103,"column":null}},"16":{"start":{"line":105,"column":21},"end":{"line":105,"column":null}},"17":{"start":{"line":107,"column":8},"end":{"line":111,"column":null}},"18":{"start":{"line":108,"column":12},"end":{"line":108,"column":null}},"19":{"start":{"line":110,"column":12},"end":{"line":110,"column":null}},"20":{"start":{"line":114,"column":4},"end":{"line":118,"column":null}},"21":{"start":{"line":115,"column":33},"end":{"line":115,"column":null}},"22":{"start":{"line":116,"column":33},"end":{"line":116,"column":null}},"23":{"start":{"line":117,"column":34},"end":{"line":117,"column":null}}},"fnMap":{"0":{"name":"redactObject","decl":{"start":{"line":40,"column":16},"end":{"line":40,"column":null}},"loc":{"start":{"line":43,"column":11},"end":{"line":63,"column":null}},"line":43},"1":{"name":"(anonymous_1)","decl":{"start":{"line":47,"column":23},"end":{"line":47,"column":24}},"loc":{"start":{"line":47,"column":33},"end":{"line":47,"column":59}},"line":47},"2":{"name":"(anonymous_2)","decl":{"start":{"line":53,"column":28},"end":{"line":53,"column":29}},"loc":{"start":{"line":53,"column":35},"end":{"line":53,"column":72}},"line":53},"3":{"name":"createLogger","decl":{"start":{"line":95,"column":16},"end":{"line":95,"column":29}},"loc":{"start":{"line":95,"column":54},"end":{"line":119,"column":null}},"line":95},"4":{"name":"write","decl":{"start":{"line":96,"column":13},"end":{"line":96,"column":19}},"loc":{"start":{"line":96,"column":95},"end":{"line":112,"column":null}},"line":96},"5":{"name":"(anonymous_5)","decl":{"start":{"line":115,"column":14},"end":{"line":115,"column":15}},"loc":{"start":{"line":115,"column":33},"end":{"line":115,"column":null}},"line":115},"6":{"name":"(anonymous_6)","decl":{"start":{"line":116,"column":14},"end":{"line":116,"column":15}},"loc":{"start":{"line":116,"column":33},"end":{"line":116,"column":null}},"line":116},"7":{"name":"(anonymous_7)","decl":{"start":{"line":117,"column":15},"end":{"line":117,"column":16}},"loc":{"start":{"line":117,"column":34},"end":{"line":117,"column":null}},"line":117}},"branchMap":{"0":{"loc":{"start":{"line":42,"column":4},"end":{"line":42,"column":null}},"type":"default-arg","locations":[{"start":{"line":42,"column":32},"end":{"line":42,"column":null}}],"line":42},"1":{"loc":{"start":{"line":44,"column":4},"end":{"line":44,"column":null}},"type":"if","locations":[{"start":{"line":44,"column":4},"end":{"line":44,"column":null}},{"start":{},"end":{}}],"line":44},"2":{"loc":{"start":{"line":44,"column":8},"end":{"line":44,"column":43}},"type":"binary-expr","locations":[{"start":{"line":44,"column":8},"end":{"line":44,"column":24}},{"start":{"line":44,"column":24},"end":{"line":44,"column":43}}],"line":44},"3":{"loc":{"start":{"line":46,"column":4},"end":{"line":48,"column":null}},"type":"if","locations":[{"start":{"line":46,"column":4},"end":{"line":48,"column":null}},{"start":{},"end":{}}],"line":46},"4":{"loc":{"start":{"line":50,"column":4},"end":{"line":60,"column":null}},"type":"if","locations":[{"start":{"line":50,"column":4},"end":{"line":60,"column":null}},{"start":{},"end":{}}],"line":50},"5":{"loc":{"start":{"line":53,"column":12},"end":{"line":57,"column":null}},"type":"if","locations":[{"start":{"line":53,"column":12},"end":{"line":57,"column":null}},{"start":{"line":55,"column":19},"end":{"line":57,"column":null}}],"line":53},"6":{"loc":{"start":{"line":96,"column":53},"end":{"line":96,"column":95}},"type":"default-arg","locations":[{"start":{"line":96,"column":85},"end":{"line":96,"column":95}}],"line":96},"7":{"loc":{"start":{"line":107,"column":8},"end":{"line":111,"column":null}},"type":"if","locations":[{"start":{"line":107,"column":8},"end":{"line":111,"column":null}},{"start":{"line":109,"column":15},"end":{"line":111,"column":null}}],"line":107}},"s":{"0":4,"1":105,"2":2,"3":103,"4":2,"5":2,"6":101,"7":64,"8":64,"9":58,"10":395,"11":23,"12":35,"13":64,"14":37,"15":57,"16":57,"17":57,"18":1,"19":56,"20":11,"21":46,"22":10,"23":1},"f":{"0":105,"1":2,"2":395,"3":11,"4":57,"5":46,"6":10,"7":1},"b":{"0":[105],"1":[2,103],"2":[105,104],"3":[2,101],"4":[64,37],"5":[23,35],"6":[57],"7":[1,56]},"meta":{"lastBranch":8,"lastFunction":8,"lastStatement":24,"seen":{"s:17:50:27:Infinity":0,"f:40:16:40:Infinity":0,"b:42:32:42:Infinity":0,"b:44:4:44:Infinity:undefined:undefined:undefined:undefined":1,"s:44:4:44:Infinity":1,"b:44:8:44:24:44:24:44:43":2,"s:44:43:44:Infinity":2,"b:46:4:48:Infinity:undefined:undefined:undefined:undefined":3,"s:46:4:48:Infinity":3,"s:47:8:47:Infinity":4,"f:47:23:47:24":1,"s:47:33:47:59":5,"b:50:4:60:Infinity:undefined:undefined:undefined:undefined":4,"s:50:4:60:Infinity":6,"s:51:48:51:Infinity":7,"s:52:8:58:Infinity":8,"b:53:12:57:Infinity:55:19:57:Infinity":5,"s:53:12:57:Infinity":9,"f:53:28:53:29":2,"s:53:35:53:72":10,"s:54:16:54:Infinity":11,"s:56:16:56:Infinity":12,"s:59:8:59:Infinity":13,"s:62:4:62:Infinity":14,"f:95:16:95:29":3,"f:96:13:96:19":4,"b:96:85:96:95":6,"s:97:32:103:Infinity":15,"s:105:21:105:Infinity":16,"b:107:8:111:Infinity:109:15:111:Infinity":7,"s:107:8:111:Infinity":17,"s:108:12:108:Infinity":18,"s:110:12:110:Infinity":19,"s:114:4:118:Infinity":20,"f:115:14:115:15":5,"s:115:33:115:Infinity":21,"f:116:14:116:15":6,"s:116:33:116:Infinity":22,"f:117:15:117:16":7,"s:117:34:117:Infinity":23}}}
,"/home/sayae/Desktop/SHITTY_CODES/DRIPS/Creditra-Backend/src/middleware/requestLogger.ts": {"path":"/home/sayae/Desktop/SHITTY_CODES/DRIPS/Creditra-Backend/src/middleware/requestLogger.ts","statementMap":{"0":{"start":{"line":32,"column":4},"end":{"line":84,"column":null}},"1":{"start":{"line":38,"column":8},"end":{"line":38,"column":null}},"2":{"start":{"line":39,"column":24},"end":{"line":39,"column":null}},"3":{"start":{"line":42,"column":8},"end":{"line":48,"column":null}},"4":{"start":{"line":52,"column":29},"end":{"line":52,"column":null}},"5":{"start":{"line":54,"column":8},"end":{"line":57,"column":null}},"6":{"start":{"line":55,"column":12},"end":{"line":55,"column":null}},"7":{"start":{"line":56,"column":12},"end":{"line":56,"column":null}},"8":{"start":{"line":60,"column":8},"end":{"line":81,"column":null}},"9":{"start":{"line":61,"column":31},"end":{"line":61,"column":null}},"10":{"start":{"line":62,"column":28},"end":{"line":62,"column":null}},"11":{"start":{"line":64,"column":50},"end":{"line":68,"column":null}},"12":{"start":{"line":72,"column":12},"end":{"line":74,"column":null}},"13":{"start":{"line":73,"column":16},"end":{"line":73,"column":null}},"14":{"start":{"line":76,"column":12},"end":{"line":80,"column":null}},"15":{"start":{"line":77,"column":16},"end":{"line":77,"column":null}},"16":{"start":{"line":79,"column":16},"end":{"line":79,"column":null}},"17":{"start":{"line":83,"column":8},"end":{"line":83,"column":null}}},"fnMap":{"0":{"name":"createRequestLogger","decl":{"start":{"line":31,"column":16},"end":{"line":31,"column":36}},"loc":{"start":{"line":31,"column":68},"end":{"line":85,"column":null}},"line":31},"1":{"name":"requestLoggerMiddleware","decl":{"start":{"line":32,"column":20},"end":{"line":32,"column":null}},"loc":{"start":{"line":36,"column":12},"end":{"line":84,"column":null}},"line":36},"2":{"name":"(anonymous_2)","decl":{"start":{"line":54,"column":19},"end":{"line":54,"column":29}},"loc":{"start":{"line":54,"column":54},"end":{"line":57,"column":null}},"line":54},"3":{"name":"(anonymous_3)","decl":{"start":{"line":60,"column":25},"end":{"line":60,"column":31}},"loc":{"start":{"line":60,"column":31},"end":{"line":81,"column":9}},"line":60}},"branchMap":{"0":{"loc":{"start":{"line":62,"column":28},"end":{"line":62,"column":null}},"type":"binary-expr","locations":[{"start":{"line":62,"column":28},"end":{"line":62,"column":52}},{"start":{"line":62,"column":52},"end":{"line":62,"column":null}}],"line":62},"1":{"loc":{"start":{"line":72,"column":12},"end":{"line":74,"column":null}},"type":"if","locations":[{"start":{"line":72,"column":12},"end":{"line":74,"column":null}},{"start":{},"end":{}}],"line":72},"2":{"loc":{"start":{"line":72,"column":16},"end":{"line":72,"column":55}},"type":"binary-expr","locations":[{"start":{"line":72,"column":16},"end":{"line":72,"column":27}},{"start":{"line":72,"column":27},"end":{"line":72,"column":55}}],"line":72},"3":{"loc":{"start":{"line":76,"column":12},"end":{"line":80,"column":null}},"type":"if","locations":[{"start":{"line":76,"column":12},"end":{"line":80,"column":null}},{"start":{"line":78,"column":19},"end":{"line":80,"column":null}}],"line":76}},"s":{"0":17,"1":39,"2":39,"3":39,"4":39,"5":39,"6":29,"7":29,"8":39,"9":31,"10":31,"11":31,"12":31,"13":12,"14":31,"15":12,"16":19,"17":39},"f":{"0":17,"1":39,"2":29,"3":31},"b":{"0":[31,31],"1":[12,19],"2":[31,12],"3":[12,19]},"meta":{"lastBranch":4,"lastFunction":4,"lastStatement":18,"seen":{"f:31:16:31:36":0,"s:32:4:84:Infinity":0,"f:32:20:32:Infinity":1,"s:38:8:38:Infinity":1,"s:39:24:39:Infinity":2,"s:42:8:48:Infinity":3,"s:52:29:52:Infinity":4,"s:54:8:57:Infinity":5,"f:54:19:54:29":2,"s:55:12:55:Infinity":6,"s:56:12:56:Infinity":7,"s:60:8:81:Infinity":8,"f:60:25:60:31":3,"s:61:31:61:Infinity":9,"s:62:28:62:Infinity":10,"b:62:28:62:52:62:52:62:Infinity":0,"s:64:50:68:Infinity":11,"b:72:12:74:Infinity:undefined:undefined:undefined:undefined":1,"s:72:12:74:Infinity":12,"b:72:16:72:27:72:27:72:55":2,"s:73:16:73:Infinity":13,"b:76:12:80:Infinity:78:19:80:Infinity":3,"s:76:12:80:Infinity":14,"s:77:16:77:Infinity":15,"s:79:16:79:Infinity":16,"s:83:8:83:Infinity":17}}}
,"/home/sayae/Desktop/SHITTY_CODES/DRIPS/Creditra-Backend/src/routes/credit.ts": {"path":"/home/sayae/Desktop/SHITTY_CODES/DRIPS/Creditra-Backend/src/routes/credit.ts","statementMap":{"0":{"start":{"line":5,"column":13},"end":{"line":5,"column":null}},"1":{"start":{"line":7,"column":6},"end":{"line":7,"column":null}},"2":{"start":{"line":8,"column":0},"end":{"line":8,"column":null}},"3":{"start":{"line":10,"column":0},"end":{"line":12,"column":null}},"4":{"start":{"line":11,"column":2},"end":{"line":11,"column":null}},"5":{"start":{"line":14,"column":0},"end":{"line":16,"column":null}},"6":{"start":{"line":15,"column":2},"end":{"line":15,"column":null}}},"fnMap":{"0":{"name":"(anonymous_0)","decl":{"start":{"line":10,"column":27},"end":{"line":10,"column":28}},"loc":{"start":{"line":10,"column":42},"end":{"line":12,"column":1}},"line":10},"1":{"name":"(anonymous_1)","decl":{"start":{"line":14,"column":31},"end":{"line":14,"column":32}},"loc":{"start":{"line":14,"column":45},"end":{"line":16,"column":1}},"line":14}},"branchMap":{},"s":{"0":2,"1":2,"2":2,"3":2,"4":7,"5":2,"6":5},"f":{"0":7,"1":5},"b":{},"meta":{"lastBranch":0,"lastFunction":2,"lastStatement":7,"seen":{"s:5:13:5:Infinity":0,"s:7:6:7:Infinity":1,"s:8:0:8:Infinity":2,"s:10:0:12:Infinity":3,"f:10:27:10:28":0,"s:11:2:11:Infinity":4,"s:14:0:16:Infinity":5,"f:14:31:14:32":1,"s:15:2:15:Infinity":6}}}
,"/home/sayae/Desktop/SHITTY_CODES/DRIPS/Creditra-Backend/src/routes/risk.ts": {"path":"/home/sayae/Desktop/SHITTY_CODES/DRIPS/Creditra-Backend/src/routes/risk.ts","statementMap":{"0":{"start":{"line":5,"column":13},"end":{"line":5,"column":null}},"1":{"start":{"line":7,"column":6},"end":{"line":7,"column":null}},"2":{"start":{"line":8,"column":0},"end":{"line":8,"column":null}},"3":{"start":{"line":10,"column":0},"end":{"line":22,"column":null}},"4":{"start":{"line":11,"column":28},"end":{"line":11,"column":null}},"5":{"start":{"line":12,"column":2},"end":{"line":14,"column":null}},"6":{"start":{"line":13,"column":4},"end":{"line":13,"column":null}},"7":{"start":{"line":15,"column":2},"end":{"line":21,"column":null}}},"fnMap":{"0":{"name":"(anonymous_0)","decl":{"start":{"line":10,"column":29},"end":{"line":10,"column":30}},"loc":{"start":{"line":10,"column":43},"end":{"line":22,"column":1}},"line":10}},"branchMap":{"0":{"loc":{"start":{"line":11,"column":28},"end":{"line":11,"column":null}},"type":"binary-expr","locations":[{"start":{"line":11,"column":28},"end":{"line":11,"column":40}},{"start":{"line":11,"column":40},"end":{"line":11,"column":null}}],"line":11},"1":{"loc":{"start":{"line":12,"column":2},"end":{"line":14,"column":null}},"type":"if","locations":[{"start":{"line":12,"column":2},"end":{"line":14,"column":null}},{"start":{},"end":{}}],"line":12}},"s":{"0":2,"1":2,"2":2,"3":2,"4":13,"5":13,"6":4,"7":9},"f":{"0":13},"b":{"0":[13,0],"1":[4,9]},"meta":{"lastBranch":2,"lastFunction":1,"lastStatement":8,"seen":{"s:5:13:5:Infinity":0,"s:7:6:7:Infinity":1,"s:8:0:8:Infinity":2,"s:10:0:22:Infinity":3,"f:10:29:10:30":0,"s:11:28:11:Infinity":4,"b:11:28:11:40:11:40:11:Infinity":0,"b:12:2:14:Infinity:undefined:undefined:undefined:undefined":1,"s:12:2:14:Infinity":5,"s:13:4:13:Infinity":6,"s:15:2:21:Infinity":7}}}
}
