TN:
SF:src/db/migrations.ts
FN:24,ensureSchemaMigrations
FN:31,listMigrationFiles
FN:34,(anonymous_2)
FN:35,(anonymous_3)
FN:43,versionFromFilename
FN:51,getAppliedVersions
FN:57,(anonymous_6)
FN:63,applyMigration
FN:82,runPendingMigrations
FNF:9
FNH:9
FNDA:5,ensureSchemaMigrations
FNDA:3,listMigrationFiles
FNDA:6,(anonymous_2)
FNDA:3,(anonymous_3)
FNDA:6,versionFromFilename
FNDA:4,getAppliedVersions
FNDA:2,(anonymous_6)
FNDA:2,applyMigration
FNDA:2,runPendingMigrations
DA:5,2
DA:13,2
DA:25,5
DA:32,3
DA:33,3
DA:34,6
DA:35,3
DA:37,3
DA:44,6
DA:45,5
DA:52,4
DA:53,4
DA:56,4
DA:57,4
DA:68,2
DA:69,2
DA:70,2
DA:71,2
DA:72,2
DA:86,2
DA:87,2
DA:88,2
DA:89,2
DA:90,2
DA:91,2
DA:92,2
DA:93,1
DA:94,1
DA:95,1
DA:97,2
LF:30
LH:30
BRDA:34,0,0,6
BRDA:34,0,1,6
BRDA:44,1,0,1
BRDA:44,1,1,5
BRDA:92,2,0,1
BRDA:92,2,1,1
BRF:6
BRH:6
end_of_record
TN:
SF:src/db/validate-schema.ts
FN:8,missingTables
FN:12,(anonymous_1)
FN:19,(anonymous_2)
FN:22,(anonymous_3)
FN:29,validateSchema
FNF:5
FNH:5
FNDA:7,missingTables
FNDA:30,(anonymous_1)
FNDA:15,(anonymous_2)
FNDA:30,(anonymous_3)
FNDA:3,validateSchema
DA:12,30
DA:13,7
DA:18,7
DA:19,15
DA:21,7
DA:22,30
DA:30,3
DA:31,3
DA:32,2
LF:9
LH:9
BRDA:10,0,0,7
BRDA:31,1,0,2
BRDA:31,1,1,1
BRF:3
BRH:3
end_of_record
