TN:
SF:src\services\eventHandler.ts
FN:14,getEventHash
FN:22,processEvent
FN:90,_resetIdempotencyCache
FNF:3
FNH:3
FNDA:12,getEventHash
FNDA:12,processEvent
FNDA:10,_resetIdempotencyCache
DA:8,1
DA:15,12
DA:16,12
DA:23,12
DA:26,12
DA:27,1
DA:28,1
DA:31,11
DA:32,11
DA:33,1
DA:34,1
DA:37,10
DA:38,10
DA:39,10
DA:41,10
DA:43,2
DA:44,2
DA:45,2
DA:46,2
DA:49,1
DA:52,1
DA:53,1
DA:56,1
DA:57,1
DA:58,1
DA:61,4
DA:62,4
DA:63,1
DA:64,3
DA:65,1
DA:66,2
DA:68,1
DA:70,4
DA:73,1
DA:77,9
DA:80,1
DA:83,1
DA:91,10
LF:38
LH:38
BRDA:26,0,0,1
BRDA:26,0,1,11
BRDA:32,1,0,1
BRDA:32,1,1,10
BRDA:41,2,0,10
BRDA:41,2,1,1
BRDA:41,2,2,1
BRDA:41,2,3,4
BRDA:41,2,4,1
BRDA:62,3,0,1
BRDA:62,3,1,3
BRDA:64,4,0,1
BRDA:64,4,1,2
BRDA:66,5,0,1
BRDA:66,5,1,1
BRF:15
BRH:15
end_of_record
TN:
SF:src\types\events.ts
FN:2,(anonymous_0)
FNF:1
FNH:1
FNDA:1,(anonymous_0)
DA:2,1
DA:3,1
DA:4,1
DA:5,1
DA:6,1
LF:5
LH:5
BRDA:2,0,0,1
BRDA:2,0,1,1
BRF:2
BRH:2
end_of_record
